The system is: Darwin - 19.6.0 - x86_64
Compiling the C compiler identification source file "CMakeCCompilerId.c" succeeded.
Compiler: /Library/Developer/CommandLineTools/usr/bin/cc 
Build flags: 
Id flags:  

The output was:
0


Compilation of the C compiler identification source "CMakeCCompilerId.c" produced "a.out"

The C compiler identification is AppleClang, found in "/Users/zouyingjie/study/ComputerScience/CSAPP/cmake-build-debug/CMakeFiles/3.14.3/CompilerIdC/a.out"

Determining if the C compiler works passed with the following output:
Change Dir: /Users/zouyingjie/study/ComputerScience/CSAPP/cmake-build-debug/CMakeFiles/CMakeTmp

Run Build Command(s):/usr/local/bin/gmake cmTC_b8911/fast 
/usr/local/bin/gmake -f CMakeFiles/cmTC_b8911.dir/build.make CMakeFiles/cmTC_b8911.dir/build
gmake[1]: Entering directory '/Users/zouyingjie/study/ComputerScience/CSAPP/cmake-build-debug/CMakeFiles/CMakeTmp'
Building C object CMakeFiles/cmTC_b8911.dir/testCCompiler.c.o
/Library/Developer/CommandLineTools/usr/bin/cc   -isysroot /Library/Developer/CommandLineTools/SDKs/MacOSX10.15.sdk   -o CMakeFiles/cmTC_b8911.dir/testCCompiler.c.o   -c /Users/zouyingjie/study/ComputerScience/CSAPP/cmake-build-debug/CMakeFiles/CMakeTmp/testCCompiler.c
Linking C executable cmTC_b8911
/Applications/CLion.app/Contents/bin/cmake/mac/bin/cmake -E cmake_link_script CMakeFiles/cmTC_b8911.dir/link.txt --verbose=1
/Library/Developer/CommandLineTools/usr/bin/cc   -isysroot /Library/Developer/CommandLineTools/SDKs/MacOSX10.15.sdk -Wl,-search_paths_first -Wl,-headerpad_max_install_names   CMakeFiles/cmTC_b8911.dir/testCCompiler.c.o  -o cmTC_b8911 
gmake[1]: Leaving directory '/Users/zouyingjie/study/ComputerScience/CSAPP/cmake-build-debug/CMakeFiles/CMakeTmp'


Detecting C compiler ABI info compiled with the following output:
Change Dir: /Users/zouyingjie/study/ComputerScience/CSAPP/cmake-build-debug/CMakeFiles/CMakeTmp

Run Build Command(s):/usr/local/bin/gmake cmTC_1c086/fast 
/usr/local/bin/gmake -f CMakeFiles/cmTC_1c086.dir/build.make CMakeFiles/cmTC_1c086.dir/build
gmake[1]: Entering directory '/Users/zouyingjie/study/ComputerScience/CSAPP/cmake-build-debug/CMakeFiles/CMakeTmp'
Building C object CMakeFiles/cmTC_1c086.dir/CMakeCCompilerABI.c.o
/Library/Developer/CommandLineTools/usr/bin/cc   -isysroot /Library/Developer/CommandLineTools/SDKs/MacOSX10.15.sdk   -v -Wl,-v -o CMakeFiles/cmTC_1c086.dir/CMakeCCompilerABI.c.o   -c /Applications/CLion.app/Contents/bin/cmake/mac/share/cmake-3.14/Modules/CMakeCCompilerABI.c
Apple clang version 12.0.0 (clang-1200.0.32.29)
Target: x86_64-apple-darwin19.6.0
Thread model: posix
InstalledDir: /Library/Developer/CommandLineTools/usr/bin
clang: warning: -Wl,-v: 'linker' input unused [-Wunused-command-line-argument]
 "/Library/Developer/CommandLineTools/usr/bin/clang" -cc1 -triple x86_64-apple-macosx10.15.0 -Wdeprecated-objc-isa-usage -Werror=deprecated-objc-isa-usage -Werror=implicit-function-declaration -emit-obj -mrelax-all -disable-free -disable-llvm-verifier -discard-value-names -main-file-name CMakeCCompilerABI.c -mrelocation-model pic -pic-level 2 -mthread-model posix -mframe-pointer=all -fno-strict-return -masm-verbose -munwind-tables -target-sdk-version=10.15.6 -fcompatibility-qualified-id-block-type-checking -target-cpu penryn -dwarf-column-info -debugger-tuning=lldb -target-linker-version 609.8 -v -resource-dir /Library/Developer/CommandLineTools/usr/lib/clang/12.0.0 -isysroot /Library/Developer/CommandLineTools/SDKs/MacOSX10.15.sdk -internal-isystem /Library/Developer/CommandLineTools/SDKs/MacOSX10.15.sdk/usr/local/include -internal-isystem /Library/Developer/CommandLineTools/usr/lib/clang/12.0.0/include -internal-externc-isystem /Library/Developer/CommandLineTools/SDKs/MacOSX10.15.sdk/usr/include -internal-externc-isystem /Library/Developer/CommandLineTools/usr/include -Wno-reorder-init-list -Wno-implicit-int-float-conversion -Wno-c99-designator -Wno-final-dtor-non-final-class -Wno-extra-semi-stmt -Wno-misleading-indentation -Wno-quoted-include-in-framework-header -Wno-implicit-fallthrough -Wno-enum-enum-conversion -Wno-enum-float-conversion -fdebug-compilation-dir /Users/zouyingjie/study/ComputerScience/CSAPP/cmake-build-debug/CMakeFiles/CMakeTmp -ferror-limit 19 -fmessage-length 0 -stack-protector 1 -fstack-check -mdarwin-stkchk-strong-link -fblocks -fencode-extended-block-signature -fregister-global-dtors-with-atexit -fgnuc-version=4.2.1 -fobjc-runtime=macosx-10.15.0 -fmax-type-align=16 -fdiagnostics-show-option -o CMakeFiles/cmTC_1c086.dir/CMakeCCompilerABI.c.o -x c /Applications/CLion.app/Contents/bin/cmake/mac/share/cmake-3.14/Modules/CMakeCCompilerABI.c
clang -cc1 version 12.0.0 (clang-1200.0.32.29) default target x86_64-apple-darwin19.6.0
ignoring nonexistent directory "/Library/Developer/CommandLineTools/SDKs/MacOSX10.15.sdk/usr/local/include"
ignoring nonexistent directory "/Library/Developer/CommandLineTools/SDKs/MacOSX10.15.sdk/Library/Frameworks"
#include "..." search starts here:
#include <...> search starts here:
 /Library/Developer/CommandLineTools/usr/lib/clang/12.0.0/include
 /Library/Developer/CommandLineTools/SDKs/MacOSX10.15.sdk/usr/include
 /Library/Developer/CommandLineTools/usr/include
 /Library/Developer/CommandLineTools/SDKs/MacOSX10.15.sdk/System/Library/Frameworks (framework directory)
End of search list.
Linking C executable cmTC_1c086
/Applications/CLion.app/Contents/bin/cmake/mac/bin/cmake -E cmake_link_script CMakeFiles/cmTC_1c086.dir/link.txt --verbose=1
/Library/Developer/CommandLineTools/usr/bin/cc   -isysroot /Library/Developer/CommandLineTools/SDKs/MacOSX10.15.sdk -Wl,-search_paths_first -Wl,-headerpad_max_install_names  -v -Wl,-v CMakeFiles/cmTC_1c086.dir/CMakeCCompilerABI.c.o  -o cmTC_1c086 
Apple clang version 12.0.0 (clang-1200.0.32.29)
Target: x86_64-apple-darwin19.6.0
Thread model: posix
InstalledDir: /Library/Developer/CommandLineTools/usr/bin
 "/Library/Developer/CommandLineTools/usr/bin/ld" -demangle -lto_library /Library/Developer/CommandLineTools/usr/lib/libLTO.dylib -dynamic -arch x86_64 -platform_version macos 10.15.0 10.15.6 -syslibroot /Library/Developer/CommandLineTools/SDKs/MacOSX10.15.sdk -o cmTC_1c086 -search_paths_first -headerpad_max_install_names -v CMakeFiles/cmTC_1c086.dir/CMakeCCompilerABI.c.o -lSystem /Library/Developer/CommandLineTools/usr/lib/clang/12.0.0/lib/darwin/libclang_rt.osx.a
@(#)PROGRAM:ld  PROJECT:ld64-609.8
BUILD 15:07:46 Dec 18 2020
configured to support archs: armv6 armv7 armv7s arm64 arm64e arm64_32 i386 x86_64 x86_64h armv6m armv7k armv7m armv7em
Library search paths:
	/Library/Developer/CommandLineTools/SDKs/MacOSX10.15.sdk/usr/lib
Framework search paths:
	/Library/Developer/CommandLineTools/SDKs/MacOSX10.15.sdk/System/Library/Frameworks/
gmake[1]: Leaving directory '/Users/zouyingjie/study/ComputerScience/CSAPP/cmake-build-debug/CMakeFiles/CMakeTmp'


Parsed C implicit include dir info from above output: rv=done
  found start of include info
  found start of implicit include info
    add: [/Library/Developer/CommandLineTools/usr/lib/clang/12.0.0/include]
    add: [/Library/Developer/CommandLineTools/SDKs/MacOSX10.15.sdk/usr/include]
    add: [/Library/Developer/CommandLineTools/usr/include]
  end of search list found
  collapse include dir [/Library/Developer/CommandLineTools/usr/lib/clang/12.0.0/include] ==> [/Library/Developer/CommandLineTools/usr/lib/clang/12.0.0/include]
  collapse include dir [/Library/Developer/CommandLineTools/SDKs/MacOSX10.15.sdk/usr/include] ==> [/Library/Developer/CommandLineTools/SDKs/MacOSX10.15.sdk/usr/include]
  collapse include dir [/Library/Developer/CommandLineTools/usr/include] ==> [/Library/Developer/CommandLineTools/usr/include]
  implicit include dirs: [/Library/Developer/CommandLineTools/usr/lib/clang/12.0.0/include;/Library/Developer/CommandLineTools/SDKs/MacOSX10.15.sdk/usr/include;/Library/Developer/CommandLineTools/usr/include]


Parsed C implicit link information from above output:
  link line regex: [^( *|.*[/\])(ld|CMAKE_LINK_STARTFILE-NOTFOUND|([^/\]+-)?ld|collect2)[^/\]*( |$)]
  ignore line: [Change Dir: /Users/zouyingjie/study/ComputerScience/CSAPP/cmake-build-debug/CMakeFiles/CMakeTmp]
  ignore line: []
  ignore line: [Run Build Command(s):/usr/local/bin/gmake cmTC_1c086/fast ]
  ignore line: [/usr/local/bin/gmake -f CMakeFiles/cmTC_1c086.dir/build.make CMakeFiles/cmTC_1c086.dir/build]
  ignore line: [gmake[1]: Entering directory '/Users/zouyingjie/study/ComputerScience/CSAPP/cmake-build-debug/CMakeFiles/CMakeTmp']
  ignore line: [Building C object CMakeFiles/cmTC_1c086.dir/CMakeCCompilerABI.c.o]
  ignore line: [/Library/Developer/CommandLineTools/usr/bin/cc   -isysroot /Library/Developer/CommandLineTools/SDKs/MacOSX10.15.sdk   -v -Wl,-v -o CMakeFiles/cmTC_1c086.dir/CMakeCCompilerABI.c.o   -c /Applications/CLion.app/Contents/bin/cmake/mac/share/cmake-3.14/Modules/CMakeCCompilerABI.c]
  ignore line: [Apple clang version 12.0.0 (clang-1200.0.32.29)]
  ignore line: [Target: x86_64-apple-darwin19.6.0]
  ignore line: [Thread model: posix]
  ignore line: [InstalledDir: /Library/Developer/CommandLineTools/usr/bin]
  ignore line: [clang: warning: -Wl,-v: 'linker' input unused [-Wunused-command-line-argument]]
  ignore line: [ "/Library/Developer/CommandLineTools/usr/bin/clang" -cc1 -triple x86_64-apple-macosx10.15.0 -Wdeprecated-objc-isa-usage -Werror=deprecated-objc-isa-usage -Werror=implicit-function-declaration -emit-obj -mrelax-all -disable-free -disable-llvm-verifier -discard-value-names -main-file-name CMakeCCompilerABI.c -mrelocation-model pic -pic-level 2 -mthread-model posix -mframe-pointer=all -fno-strict-return -masm-verbose -munwind-tables -target-sdk-version=10.15.6 -fcompatibility-qualified-id-block-type-checking -target-cpu penryn -dwarf-column-info -debugger-tuning=lldb -target-linker-version 609.8 -v -resource-dir /Library/Developer/CommandLineTools/usr/lib/clang/12.0.0 -isysroot /Library/Developer/CommandLineTools/SDKs/MacOSX10.15.sdk -internal-isystem /Library/Developer/CommandLineTools/SDKs/MacOSX10.15.sdk/usr/local/include -internal-isystem /Library/Developer/CommandLineTools/usr/lib/clang/12.0.0/include -internal-externc-isystem /Library/Developer/CommandLineTools/SDKs/MacOSX10.15.sdk/usr/include -internal-externc-isystem /Library/Developer/CommandLineTools/usr/include -Wno-reorder-init-list -Wno-implicit-int-float-conversion -Wno-c99-designator -Wno-final-dtor-non-final-class -Wno-extra-semi-stmt -Wno-misleading-indentation -Wno-quoted-include-in-framework-header -Wno-implicit-fallthrough -Wno-enum-enum-conversion -Wno-enum-float-conversion -fdebug-compilation-dir /Users/zouyingjie/study/ComputerScience/CSAPP/cmake-build-debug/CMakeFiles/CMakeTmp -ferror-limit 19 -fmessage-length 0 -stack-protector 1 -fstack-check -mdarwin-stkchk-strong-link -fblocks -fencode-extended-block-signature -fregister-global-dtors-with-atexit -fgnuc-version=4.2.1 -fobjc-runtime=macosx-10.15.0 -fmax-type-align=16 -fdiagnostics-show-option -o CMakeFiles/cmTC_1c086.dir/CMakeCCompilerABI.c.o -x c /Applications/CLion.app/Contents/bin/cmake/mac/share/cmake-3.14/Modules/CMakeCCompilerABI.c]
  ignore line: [clang -cc1 version 12.0.0 (clang-1200.0.32.29) default target x86_64-apple-darwin19.6.0]
  ignore line: [ignoring nonexistent directory "/Library/Developer/CommandLineTools/SDKs/MacOSX10.15.sdk/usr/local/include"]
  ignore line: [ignoring nonexistent directory "/Library/Developer/CommandLineTools/SDKs/MacOSX10.15.sdk/Library/Frameworks"]
  ignore line: [#include "..." search starts here:]
  ignore line: [#include <...> search starts here:]
  ignore line: [ /Library/Developer/CommandLineTools/usr/lib/clang/12.0.0/include]
  ignore line: [ /Library/Developer/CommandLineTools/SDKs/MacOSX10.15.sdk/usr/include]
  ignore line: [ /Library/Developer/CommandLineTools/usr/include]
  ignore line: [ /Library/Developer/CommandLineTools/SDKs/MacOSX10.15.sdk/System/Library/Frameworks (framework directory)]
  ignore line: [End of search list.]
  ignore line: [Linking C executable cmTC_1c086]
  ignore line: [/Applications/CLion.app/Contents/bin/cmake/mac/bin/cmake -E cmake_link_script CMakeFiles/cmTC_1c086.dir/link.txt --verbose=1]
  ignore line: [/Library/Developer/CommandLineTools/usr/bin/cc   -isysroot /Library/Developer/CommandLineTools/SDKs/MacOSX10.15.sdk -Wl,-search_paths_first -Wl,-headerpad_max_install_names  -v -Wl,-v CMakeFiles/cmTC_1c086.dir/CMakeCCompilerABI.c.o  -o cmTC_1c086 ]
  ignore line: [Apple clang version 12.0.0 (clang-1200.0.32.29)]
  ignore line: [Target: x86_64-apple-darwin19.6.0]
  ignore line: [Thread model: posix]
  ignore line: [InstalledDir: /Library/Developer/CommandLineTools/usr/bin]
  link line: [ "/Library/Developer/CommandLineTools/usr/bin/ld" -demangle -lto_library /Library/Developer/CommandLineTools/usr/lib/libLTO.dylib -dynamic -arch x86_64 -platform_version macos 10.15.0 10.15.6 -syslibroot /Library/Developer/CommandLineTools/SDKs/MacOSX10.15.sdk -o cmTC_1c086 -search_paths_first -headerpad_max_install_names -v CMakeFiles/cmTC_1c086.dir/CMakeCCompilerABI.c.o -lSystem /Library/Developer/CommandLineTools/usr/lib/clang/12.0.0/lib/darwin/libclang_rt.osx.a]
    arg [/Library/Developer/CommandLineTools/usr/bin/ld] ==> ignore
    arg [-demangle] ==> ignore
    arg [-lto_library] ==> ignore, skip following value
    arg [/Library/Developer/CommandLineTools/usr/lib/libLTO.dylib] ==> skip value of -lto_library
    arg [-dynamic] ==> ignore
    arg [-arch] ==> ignore
    arg [x86_64] ==> ignore
    arg [-platform_version] ==> ignore
    arg [macos] ==> ignore
    arg [10.15.0] ==> ignore
    arg [10.15.6] ==> ignore
    arg [-syslibroot] ==> ignore
    arg [/Library/Developer/CommandLineTools/SDKs/MacOSX10.15.sdk] ==> ignore
    arg [-o] ==> ignore
    arg [cmTC_1c086] ==> ignore
    arg [-search_paths_first] ==> ignore
    arg [-headerpad_max_install_names] ==> ignore
    arg [-v] ==> ignore
    arg [CMakeFiles/cmTC_1c086.dir/CMakeCCompilerABI.c.o] ==> ignore
    arg [-lSystem] ==> lib [System]
    arg [/Library/Developer/CommandLineTools/usr/lib/clang/12.0.0/lib/darwin/libclang_rt.osx.a] ==> lib [/Library/Developer/CommandLineTools/usr/lib/clang/12.0.0/lib/darwin/libclang_rt.osx.a]
  Library search paths: [;/Library/Developer/CommandLineTools/SDKs/MacOSX10.15.sdk/usr/lib]
  Framework search paths: [;/Library/Developer/CommandLineTools/SDKs/MacOSX10.15.sdk/System/Library/Frameworks/]
  remove lib [System]
  remove lib [/Library/Developer/CommandLineTools/usr/lib/clang/12.0.0/lib/darwin/libclang_rt.osx.a]
  collapse library dir [/Library/Developer/CommandLineTools/SDKs/MacOSX10.15.sdk/usr/lib] ==> [/Library/Developer/CommandLineTools/SDKs/MacOSX10.15.sdk/usr/lib]
  collapse framework dir [/Library/Developer/CommandLineTools/SDKs/MacOSX10.15.sdk/System/Library/Frameworks/] ==> [/Library/Developer/CommandLineTools/SDKs/MacOSX10.15.sdk/System/Library/Frameworks]
  implicit libs: []
  implicit dirs: [/Library/Developer/CommandLineTools/SDKs/MacOSX10.15.sdk/usr/lib]
  implicit fwks: [/Library/Developer/CommandLineTools/SDKs/MacOSX10.15.sdk/System/Library/Frameworks]




Detecting C [-std=c11] compiler features compiled with the following output:
Change Dir: /Users/zouyingjie/study/ComputerScience/CSAPP/cmake-build-debug/CMakeFiles/CMakeTmp

Run Build Command(s):/usr/local/bin/gmake cmTC_8c381/fast 
/usr/local/bin/gmake -f CMakeFiles/cmTC_8c381.dir/build.make CMakeFiles/cmTC_8c381.dir/build
gmake[1]: Entering directory '/Users/zouyingjie/study/ComputerScience/CSAPP/cmake-build-debug/CMakeFiles/CMakeTmp'
Building C object CMakeFiles/cmTC_8c381.dir/feature_tests.c.o
/Library/Developer/CommandLineTools/usr/bin/cc   -isysroot /Library/Developer/CommandLineTools/SDKs/MacOSX10.15.sdk   -std=c11 -o CMakeFiles/cmTC_8c381.dir/feature_tests.c.o   -c /Users/zouyingjie/study/ComputerScience/CSAPP/cmake-build-debug/CMakeFiles/feature_tests.c
Linking C executable cmTC_8c381
/Applications/CLion.app/Contents/bin/cmake/mac/bin/cmake -E cmake_link_script CMakeFiles/cmTC_8c381.dir/link.txt --verbose=1
/Library/Developer/CommandLineTools/usr/bin/cc   -isysroot /Library/Developer/CommandLineTools/SDKs/MacOSX10.15.sdk -Wl,-search_paths_first -Wl,-headerpad_max_install_names   CMakeFiles/cmTC_8c381.dir/feature_tests.c.o  -o cmTC_8c381 
gmake[1]: Leaving directory '/Users/zouyingjie/study/ComputerScience/CSAPP/cmake-build-debug/CMakeFiles/CMakeTmp'


    Feature record: C_FEATURE:1c_function_prototypes
    Feature record: C_FEATURE:1c_restrict
    Feature record: C_FEATURE:1c_static_assert
    Feature record: C_FEATURE:1c_variadic_macros


Detecting C [-std=c99] compiler features compiled with the following output:
Change Dir: /Users/zouyingjie/study/ComputerScience/CSAPP/cmake-build-debug/CMakeFiles/CMakeTmp

Run Build Command(s):/usr/local/bin/gmake cmTC_2268a/fast 
/usr/local/bin/gmake -f CMakeFiles/cmTC_2268a.dir/build.make CMakeFiles/cmTC_2268a.dir/build
gmake[1]: Entering directory '/Users/zouyingjie/study/ComputerScience/CSAPP/cmake-build-debug/CMakeFiles/CMakeTmp'
Building C object CMakeFiles/cmTC_2268a.dir/feature_tests.c.o
/Library/Developer/CommandLineTools/usr/bin/cc   -isysroot /Library/Developer/CommandLineTools/SDKs/MacOSX10.15.sdk   -std=c99 -o CMakeFiles/cmTC_2268a.dir/feature_tests.c.o   -c /Users/zouyingjie/study/ComputerScience/CSAPP/cmake-build-debug/CMakeFiles/feature_tests.c
Linking C executable cmTC_2268a
/Applications/CLion.app/Contents/bin/cmake/mac/bin/cmake -E cmake_link_script CMakeFiles/cmTC_2268a.dir/link.txt --verbose=1
/Library/Developer/CommandLineTools/usr/bin/cc   -isysroot /Library/Developer/CommandLineTools/SDKs/MacOSX10.15.sdk -Wl,-search_paths_first -Wl,-headerpad_max_install_names   CMakeFiles/cmTC_2268a.dir/feature_tests.c.o  -o cmTC_2268a 
gmake[1]: Leaving directory '/Users/zouyingjie/study/ComputerScience/CSAPP/cmake-build-debug/CMakeFiles/CMakeTmp'


    Feature record: C_FEATURE:1c_function_prototypes
    Feature record: C_FEATURE:1c_restrict
    Feature record: C_FEATURE:0c_static_assert
    Feature record: C_FEATURE:1c_variadic_macros


Detecting C [-std=c90] compiler features compiled with the following output:
Change Dir: /Users/zouyingjie/study/ComputerScience/CSAPP/cmake-build-debug/CMakeFiles/CMakeTmp

Run Build Command(s):/usr/local/bin/gmake cmTC_e9800/fast 
/usr/local/bin/gmake -f CMakeFiles/cmTC_e9800.dir/build.make CMakeFiles/cmTC_e9800.dir/build
gmake[1]: Entering directory '/Users/zouyingjie/study/ComputerScience/CSAPP/cmake-build-debug/CMakeFiles/CMakeTmp'
Building C object CMakeFiles/cmTC_e9800.dir/feature_tests.c.o
/Library/Developer/CommandLineTools/usr/bin/cc   -isysroot /Library/Developer/CommandLineTools/SDKs/MacOSX10.15.sdk   -std=c90 -o CMakeFiles/cmTC_e9800.dir/feature_tests.c.o   -c /Users/zouyingjie/study/ComputerScience/CSAPP/cmake-build-debug/CMakeFiles/feature_tests.c
Linking C executable cmTC_e9800
/Applications/CLion.app/Contents/bin/cmake/mac/bin/cmake -E cmake_link_script CMakeFiles/cmTC_e9800.dir/link.txt --verbose=1
/Library/Developer/CommandLineTools/usr/bin/cc   -isysroot /Library/Developer/CommandLineTools/SDKs/MacOSX10.15.sdk -Wl,-search_paths_first -Wl,-headerpad_max_install_names   CMakeFiles/cmTC_e9800.dir/feature_tests.c.o  -o cmTC_e9800 
gmake[1]: Leaving directory '/Users/zouyingjie/study/ComputerScience/CSAPP/cmake-build-debug/CMakeFiles/CMakeTmp'


    Feature record: C_FEATURE:1c_function_prototypes
    Feature record: C_FEATURE:0c_restrict
    Feature record: C_FEATURE:0c_static_assert
    Feature record: C_FEATURE:0c_variadic_macros
